[DW_axi_x2h RCEP Jul-21 03:06:27   2] FILE #=============================================================================== (::RCE_202209::hookOpenCreateWorkspace)
[DW_axi_x2h RCEP Jul-21 03:06:28   2] FILE # Version information for some parts of the RCE_Plugin. (::RCE_202209::hookOpenCreateWorkspace)
[DW_axi_x2h RCEP Jul-21 03:06:28   2] FILE #=============================================================================== (::RCE_202209::hookOpenCreateWorkspace)
[DW_axi_x2h RCEP Jul-21 03:06:28   2] FILE RCE RCE_Plugin : 2022.09 (2022-09-01 11:02:36) (namespace)
[DW_axi_x2h RCEP Jul-21 03:06:28   2] FILE #=============================================================================== (::RCE_202209::hookOpenCreateWorkspace)
[DW_axi_x2h RCEP Jul-21 03:06:28   2] FILE # Workspace Environment Information (::RCE_202209::hookOpenCreateWorkspace)
[DW_axi_x2h RCEP Jul-21 03:06:28   2] FILE #=============================================================================== (::RCE_202209::hookOpenCreateWorkspace)
[DW_axi_x2h RCEP Jul-21 03:06:28   2] FILE Your original Linux shell may have a DIFFERENT tool environment. (namespace)
[DW_axi_x2h RCEP Jul-21 03:06:28   2] FILE The state of your Linux shell tool environment is cached in your workspace  (namespace)
[DW_axi_x2h RCEP Jul-21 03:06:28   2] FILE when it is first created. (namespace)
[DW_axi_x2h RCEP Jul-21 03:06:28   2] FILE You can use the Edit - Tool Installation Paths to change the workspace environment.. (namespace)
[DW_axi_x2h RCEP Jul-21 03:06:28   2] FILE  (namespace)
[DW_axi_x2h RCEP Jul-21 03:06:28   2] FILE #------------------------------------------------------------------------------- (::RCE_202209::hookOpenCreateWorkspace)
[DW_axi_x2h RCEP Jul-21 03:06:28   2] FILE # Environment Variables (from ::env) (::RCE_202209::hookOpenCreateWorkspace)
[DW_axi_x2h RCEP Jul-21 03:06:28   2] FILE #------------------------------------------------------------------------------- (::RCE_202209::hookOpenCreateWorkspace)
[DW_axi_x2h RCEP Jul-21 03:06:28   2] FILE _CT_ROOT_DIR_               : /tools/synopsys/coretools/W-2024.09-SP1-2 (namespace)
[DW_axi_x2h RCEP Jul-21 03:06:28   2] FILE ARM_PRODUCT_PATH            : /tools/others/armads/developmentstudio-2024.1/sw/ARMCompiler6.23/sw/mappings (namespace)
[DW_axi_x2h RCEP Jul-21 03:06:28   2] FILE ARMLMD_LICENSE_FILE         : /tools/others/armads/ARM-DS_2024.1_Linux_PatchFiles/ds_license.lic (namespace)
[DW_axi_x2h RCEP Jul-21 03:06:28   2] FILE BASH_FUNC_module()          : () {  eval `/usr/bin/modulecmd bash $*`
} (namespace)
[DW_axi_x2h RCEP Jul-21 03:06:28   2] FILE CHISEL_FIRTOOL_PATH         : /tools/others/firtool-1.37.0 (namespace)
[DW_axi_x2h RCEP Jul-21 03:06:28   2] FILE DESIGNWARE_HOME             : /tools/synopsys (namespace)
[DW_axi_x2h RCEP Jul-21 03:06:28   2] FILE DISPLAY                     : localhost:16.0 (namespace)
[DW_axi_x2h RCEP Jul-21 03:06:28   2] FILE FLEXLM_BORROWFILE           : /home/zhangxiran/.amd9754-borrow.txt (namespace)
[DW_axi_x2h RCEP Jul-21 03:06:28   2] FILE FONTCONFIG_USE_MMAP         : 0 (namespace)
[DW_axi_x2h RCEP Jul-21 03:06:28   2] FILE gui_no_close_view_types     : Frame (namespace)
[DW_axi_x2h RCEP Jul-21 03:06:28   2] FILE HISTCONTROL                 : ignoreboth (namespace)
[DW_axi_x2h RCEP Jul-21 03:06:28   2] FILE HISTSIZE                    : 1000 (namespace)
[DW_axi_x2h RCEP Jul-21 03:06:28   2] FILE HOME                        : /home/zhangxiran (namespace)
[DW_axi_x2h RCEP Jul-21 03:06:28   2] FILE HOSTNAME                    : amd9754 (namespace)
[DW_axi_x2h RCEP Jul-21 03:06:28   2] FILE LC_ALL                      : C (namespace)
[DW_axi_x2h RCEP Jul-21 03:06:28   2] FILE LD_LIBRARY_PATH             : /tools/synopsys/coretools/W-2024.09-SP1-2/linux64/dware/shlib:/tools/synopsys/verdi/W-2024.09-SP1/share/PLI/VCS/LINUX64 (namespace)
[DW_axi_x2h RCEP Jul-21 03:06:28   2] FILE LESSOPEN                    : ||/usr/bin/lesspipe.sh %s (namespace)
[DW_axi_x2h RCEP Jul-21 03:06:28   2] FILE LM_LICENSE_FILE             : 27000@amd9754:16661@amd9754 (namespace)
[DW_axi_x2h RCEP Jul-21 03:06:28   2] FILE LOADEDMODULES               :  (namespace)
[DW_axi_x2h RCEP Jul-21 03:06:28   2] FILE LOGNAME                     : zhangxiran (namespace)
[DW_axi_x2h RCEP Jul-21 03:06:28   2] FILE LS_COLORS                   : rs=0:di=01;34:ln=01;36:mh=00:pi=40;33:so=01;35:do=01;35:bd=40;33;01:cd=40;33;01:or=40;31;01:su=37;41:sg=30;43:ca=30;41:tw=30;42:ow=34;42:st=37;44:ex=01;32:*.tar=01;31:*.tgz=01;31:*.arc=01;31:*.arj=01;31:*.taz=01;31:*.lha=01;31:*.lz4=01;31:*.lzh=01;31:*.lzma=01;31:*.tlz=01;31:*.txz=01;31:*.tzo=01;31:*.t7z=01;31:*.zip=01;31:*.z=01;31:*.Z=01;31:*.dz=01;31:*.gz=01;31:*.lrz=01;31:*.lz=01;31:*.lzo=01;31:*.xz=01;31:*.bz2=01;31:*.bz=01;31:*.tbz=01;31:*.tbz2=01;31:*.tz=01;31:*.deb=01;31:*.rpm=01;31:*.jar=01;31:*.war=01;31:*.ear=01;31:*.sar=01;31:*.rar=01;31:*.alz=01;31:*.ace=01;31:*.zoo=01;31:*.cpio=01;31:*.7z=01;31:*.rz=01;31:*.cab=01;31:*.jpg=01;35:*.jpeg=01;35:*.gif=01;35:*.bmp=01;35:*.pbm=01;35:*.pgm=01;35:*.ppm=01;35:*.tga=01;35:*.xbm=01;35:*.xpm=01;35:*.tif=01;35:*.tiff=01;35:*.png=01;35:*.svg=01;35:*.svgz=01;35:*.mng=01;35:*.pcx=01;35:*.mov=01;35:*.mpg=01;35:*.mpeg=01;35:*.m2v=01;35:*.mkv=01;35:*.webm=01;35:*.ogm=01;35:*.mp4=01;35:*.m4v=01;35:*.mp4v=01;35:*.vob=01;35:*.qt=01;35:*.nuv=01;35:*.wmv=01;35:*.asf=01;35:*.rm=01;35:*.rmvb=01;35:*.flc=01;35:*.avi=01;35:*.fli=01;35:*.flv=01;35:*.gl=01;35:*.dl=01;35:*.xcf=01;35:*.xwd=01;35:*.yuv=01;35:*.cgm=01;35:*.emf=01;35:*.axv=01;35:*.anx=01;35:*.ogv=01;35:*.ogx=01;35:*.aac=00;36:*.au=00;36:*.flac=00;36:*.mid=00;36:*.midi=00;36:*.mka=00;36:*.mp3=00;36:*.mpc=00;36:*.ogg=00;36:*.ra=00;36:*.wav=00;36:*.axa=00;36:*.oga=00;36:*.spx=00;36:*.xspf=00;36: (namespace)
[DW_axi_x2h RCEP Jul-21 03:06:28   2] FILE MAIL                        : /var/spool/mail/zhangxiran (namespace)
[DW_axi_x2h RCEP Jul-21 03:06:28   2] FILE MODULEPATH                  : /usr/share/Modules/modulefiles:/etc/modulefiles (namespace)
[DW_axi_x2h RCEP Jul-21 03:06:28   2] FILE MODULESHOME                 : /usr/share/Modules (namespace)
[DW_axi_x2h RCEP Jul-21 03:06:28   2] FILE NDS_TOOLCHAIN               : /tools/others/AndeSight_STD_v530/toolchains/nds64le-elf-mculib-v5/bin (namespace)
[DW_axi_x2h RCEP Jul-21 03:06:28   2] FILE PATH                        : /usr/lib/qt-3.3/bin:/usr/local/bin:/usr/bin:/usr/local/sbin:/usr/sbin:/tools/synopsys/vcs/V-2023.12/gui/dve/bin:/tools/synopsys/vcs/V-2023.12/bin:/tools/synopsys/verdi/W-2024.09-SP1/bin:/tools/synopsys/spyglass/V-2023.12/SPYGLASS_HOME/bin:/tools/synopsys/syn/V-2023.12-SP3/bin:/tools/synopsys/scl/2022.12/linux64/bin:/tools/others/rocket-tools/bin:/tools/others/firtool-1.37.0/bin:/tools/synopsys/coretools/W-2024.09-SP1-2/bin:/tools/others/ARM/ARMSocrates:/tools/others/gcc-arm-none-eabi-5_4-2016q3/bin:/tools/others/armads/developmentstudio-2024.1/sw/ARMCompiler6.23/bin:/tools/others/ARM_Compiler_5.06u7/bin64:/home/zhangxiran/.local/bin:/home/zhangxiran/bin (namespace)
[DW_axi_x2h RCEP Jul-21 03:06:28   2] FILE PWD                         : /datahdd/qinglongv100/zhangxiran/ql200/ip (namespace)
[DW_axi_x2h RCEP Jul-21 03:06:28   2] FILE QT_GRAPHICSSYSTEM_CHECKED   : 1 (namespace)
[DW_axi_x2h RCEP Jul-21 03:06:28   2] FILE QT_PLUGIN_PATH              : /tools/synopsys/coretools/W-2024.09-SP1-2/linux64/dware/plugins (namespace)
[DW_axi_x2h RCEP Jul-21 03:06:28   2] FILE QT_QPA_PLATFORM_PLUGIN_PATH : /tools/synopsys/coretools/W-2024.09-SP1-2/linux64/dware/plugins/platforms (namespace)
[DW_axi_x2h RCEP Jul-21 03:06:28   2] FILE QT_XCB_NATIVE_PAINTING      : 1 (namespace)
[DW_axi_x2h RCEP Jul-21 03:06:28   2] FILE QTDIR                       : /usr/lib/qt-3.3 (namespace)
[DW_axi_x2h RCEP Jul-21 03:06:28   2] FILE QTINC                       : /usr/lib/qt-3.3/include (namespace)
[DW_axi_x2h RCEP Jul-21 03:06:28   2] FILE QTLIB                       : /usr/lib/qt-3.3/lib (namespace)
[DW_axi_x2h RCEP Jul-21 03:06:28   2] FILE RISCV                       : /tools/others/rocket-tools/ (namespace)
[DW_axi_x2h RCEP Jul-21 03:06:28   2] FILE SCL_HOME                    : /tools/synopsys/scl/2022.12 (namespace)
[DW_axi_x2h RCEP Jul-21 03:06:28   2] FILE SHELL                       : /bin/bash (namespace)
[DW_axi_x2h RCEP Jul-21 03:06:28   2] FILE SHLVL                       : 1 (namespace)
[DW_axi_x2h RCEP Jul-21 03:06:28   2] FILE SSH_CLIENT                  : 172.16.20.76 51764 22 (namespace)
[DW_axi_x2h RCEP Jul-21 03:06:28   2] FILE SSH_CONNECTION              : 172.16.20.76 51764 172.16.30.17 22 (namespace)
[DW_axi_x2h RCEP Jul-21 03:06:28   2] FILE SSH_TTY                     : /dev/pts/51 (namespace)
[DW_axi_x2h RCEP Jul-21 03:06:28   2] FILE SWT_GTK3                    : 0 (namespace)
[DW_axi_x2h RCEP Jul-21 03:06:28   2] FILE SYNOPSYS_TRACE              :  (namespace)
[DW_axi_x2h RCEP Jul-21 03:06:28   2] FILE SynopsysList                : /tools/synopsys (namespace)
[DW_axi_x2h RCEP Jul-21 03:06:28   2] FILE TERM                        : xterm (namespace)
[DW_axi_x2h RCEP Jul-21 03:06:28   2] FILE USER                        : zhangxiran (namespace)
[DW_axi_x2h RCEP Jul-21 03:06:28   2] FILE VCS_ARCH_OVERRIDE           : linux (namespace)
[DW_axi_x2h RCEP Jul-21 03:06:28   2] FILE VCS_HOME                    : /tools/synopsys/vcs/V-2023.12 (namespace)
[DW_axi_x2h RCEP Jul-21 03:06:28   2] FILE VCSI_HOME                   : /tools/synopsys/vcs/V-2023.12 (namespace)
[DW_axi_x2h RCEP Jul-21 03:06:28   2] FILE VERDI_HOME                  : /tools/synopsys/verdi/W-2024.09-SP1 (namespace)
[DW_axi_x2h RCEP Jul-21 03:06:28   2] FILE XDG_DATA_DIRS               : /home/zhangxiran/.local/share/flatpak/exports/share:/var/lib/flatpak/exports/share:/usr/local/share:/usr/share (namespace)
[DW_axi_x2h RCEP Jul-21 03:06:28   2] FILE XDG_RUNTIME_DIR             : /run/user/1010 (namespace)
[DW_axi_x2h RCEP Jul-21 03:06:28   2] FILE XDG_SESSION_ID              : 7526 (namespace)
[DW_axi_x2h RCEP Jul-21 03:06:28   2] FILE  (namespace)
[DW_axi_x2h RCEP Jul-21 03:06:28   2] FILE #------------------------------------------------------------------------------- (::RCE_202209::hookOpenCreateWorkspace)
[DW_axi_x2h RCEP Jul-21 03:06:28   2] FILE # Tool Version Information) (::RCE_202209::hookOpenCreateWorkspace)
[DW_axi_x2h RCEP Jul-21 03:06:28   2] FILE #------------------------------------------------------------------------------- (::RCE_202209::hookOpenCreateWorkspace)
[DW_axi_x2h RCEP Jul-21 03:06:28   2] FILE | Tool          | Min | Max | Arch | Path                                                          | Verify Tool | (namespace)
[DW_axi_x2h RCEP Jul-21 03:06:28   2] FILE ------------------------------------------------------------------------------------------------------------------ (namespace)
[DW_axi_x2h RCEP Jul-21 03:06:28   2] FILE | dc_shell      |     |     | 64   | /tools/synopsys/syn/V-2023.12-SP3/bin/dc_shell                |             | (namespace)
[DW_axi_x2h RCEP Jul-21 03:06:28   2] FILE | dc_shell-t    |     |     | 64   | /tools/synopsys/syn/V-2023.12-SP3/bin/dc_shell-t              |             | (namespace)
[DW_axi_x2h RCEP Jul-21 03:06:28   2] FILE | de_shell      |     |     | 64   | /tools/synopsys/syn/V-2023.12-SP3/bin/de_shell                |             | (namespace)
[DW_axi_x2h RCEP Jul-21 03:06:28   2] FILE | dft_shell     |     |     | 32   |                                                               |             | (namespace)
[DW_axi_x2h RCEP Jul-21 03:06:28   2] FILE | fc_shell      |     |     | 32   |                                                               |             | (namespace)
[DW_axi_x2h RCEP Jul-21 03:06:28   2] FILE | fm_shell      |     |     | 32   |                                                               |             | (namespace)
[DW_axi_x2h RCEP Jul-21 03:06:28   2] FILE | leda          |     |     | 32   |                                                               |             | (namespace)
[DW_axi_x2h RCEP Jul-21 03:06:28   2] FILE | mvtools       |     |     | 32   |                                                               |             | (namespace)
[DW_axi_x2h RCEP Jul-21 03:06:28   2] FILE | ncsim         |     |     | 32   |                                                               |             | (namespace)
[DW_axi_x2h RCEP Jul-21 03:06:28   2] FILE | protocompiler |     |     | 32   |                                                               |             | (namespace)
[DW_axi_x2h RCEP Jul-21 03:06:28   2] FILE | pt_shell      |     |     | 32   |                                                               |             | (namespace)
[DW_axi_x2h RCEP Jul-21 03:06:28   2] FILE | rtl_shell     |     |     | 32   |                                                               |             | (namespace)
[DW_axi_x2h RCEP Jul-21 03:06:28   2] FILE | spyglass      |     |     | 32   | /tools/synopsys/spyglass/V-2023.12/SPYGLASS_HOME/bin/spyglass |             | (namespace)
[DW_axi_x2h RCEP Jul-21 03:06:28   2] FILE | synplify      |     |     | 32   |                                                               |             | (namespace)
[DW_axi_x2h RCEP Jul-21 03:06:28   2] FILE | tcm           |     |     | 32   |                                                               |             | (namespace)
[DW_axi_x2h RCEP Jul-21 03:06:28   2] FILE | tmax          |     |     | 32   |                                                               |             | (namespace)
[DW_axi_x2h RCEP Jul-21 03:06:28   2] FILE | vcs           |     |     | 64   | /tools/synopsys/vcs/V-2023.12/bin/vcs                         |             | (namespace)
[DW_axi_x2h RCEP Jul-21 03:06:28   2] FILE | vcsi          |     |     | 64   | /tools/synopsys/vcs/V-2023.12/bin/vcsi                        |             | (namespace)
[DW_axi_x2h RCEP Jul-21 03:06:28   2] FILE | vcstatic      |     |     | 32   |                                                               |             | (namespace)
[DW_axi_x2h RCEP Jul-21 03:06:28   2] FILE | vera          |     |     | 32   |                                                               |             | (namespace)
[DW_axi_x2h RCEP Jul-21 03:06:28   2] FILE | verdi         |     |     | 64   | /tools/synopsys/verdi/W-2024.09-SP1/bin/verdi                 |             | (namespace)
[DW_axi_x2h RCEP Jul-21 03:06:28   2] FILE | vivado        |     |     | 32   |                                                               |             | (namespace)
[DW_axi_x2h RCEP Jul-21 03:06:28   2] FILE | vsim          |     |     | 32   |                                                               |             | (namespace)
